<?xml version="1.0" encoding="UTF-8"?>
<!-- Generated by org.testng.reporters.JUnitXMLReporter -->
<testsuite ignored="2" hostname="LAPTOP-MHUDEV9K" failures="0" tests="2" name="Test" time="5.66" errors="0" timestamp="2024-06-02T14:36:04 IST">
  <testcase classname="LumaStore.testCases.TC01_IndexPageTest" name="verifyHomePage" time="0.16"/>
  <testcase classname="LumaStore.testCases.TC02_LoginPageTest" name="verifyLogin" time="4.753"/>
  <testcase classname="LumaStore.base.TestBase" name="@AfterSuite tearDown" time="0.0">
    <ignored/>
  </testcase> <!-- @AfterSuite tearDown -->
  <testcase classname="LumaStore.base.TestBase" name="@BeforeSuite launch" time="0.0">
    <ignored/>
  </testcase> <!-- @BeforeSuite launch -->
</testsuite> <!-- Test -->
