<?xml version="1.0" encoding="UTF-8"?>
<testng-results ignored="0" total="1" passed="1" failed="0" skipped="0">
  <reporter-output>
  </reporter-output>
  <suite started-at="2024-06-08T17:44:58 IST" name="EnvTest_Suite" finished-at="2024-06-08T17:44:59 IST" duration-ms="188">
    <groups>
    </groups>
    <test started-at="2024-06-08T17:44:58 IST" name="Env_Test" finished-at="2024-06-08T17:44:59 IST" duration-ms="188">
      <class name="LumaStore.testCases.TC01_IndexPageTest">
        <test-method is-config="true" signature="launch()[pri:0, instance:LumaStore.testCases.TC01_IndexPageTest@55b7a4e0]" started-at="2024-06-08T17:44:53 IST" name="launch" finished-at="2024-06-08T17:44:58 IST" duration-ms="5657" status="PASS">
          <reporter-output>
          </reporter-output>
        </test-method> <!-- launch -->
        <test-method is-config="true" signature="IndexPage()[pri:0, instance:LumaStore.testCases.TC01_IndexPageTest@55b7a4e0]" started-at="2024-06-08T17:44:58 IST" name="IndexPage" finished-at="2024-06-08T17:44:58 IST" duration-ms="17" status="PASS">
          <reporter-output>
          </reporter-output>
        </test-method> <!-- IndexPage -->
        <test-method signature="verifyIndexPage()[pri:0, instance:LumaStore.testCases.TC01_IndexPageTest@55b7a4e0]" started-at="2024-06-08T17:44:58 IST" name="verifyIndexPage" finished-at="2024-06-08T17:44:59 IST" duration-ms="99" status="PASS">
          <reporter-output>
          </reporter-output>
        </test-method> <!-- verifyIndexPage -->
        <test-method is-config="true" signature="tearDown()[pri:0, instance:LumaStore.testCases.TC01_IndexPageTest@55b7a4e0]" started-at="2024-06-08T17:44:59 IST" name="tearDown" finished-at="2024-06-08T17:44:59 IST" duration-ms="156" status="PASS">
          <reporter-output>
          </reporter-output>
        </test-method> <!-- tearDown -->
      </class> <!-- LumaStore.testCases.TC01_IndexPageTest -->
    </test> <!-- Env_Test -->
  </suite> <!-- EnvTest_Suite -->
</testng-results>
