<?xml version="1.0" encoding="UTF-8"?>
<!-- Generated by org.testng.reporters.JUnitXMLReporter -->
<testsuite ignored="2" hostname="LAPTOP-MHUDEV9K" failures="0" tests="2" name="Login_Test" time="5.167" errors="0" timestamp="2024-06-08T17:31:38 IST">
  <testcase classname="LumaStore.testCases.TC01_IndexPageTest" name="verifyIndexPage" time="0.112"/>
  <testcase classname="LumaStore.testCases.TC02_LoginPageTest" name="verifyLogin" time="4.546"/>
  <testcase classname="LumaStore.base.TestBase" name="@AfterSuite tearDown" time="0.0">
    <ignored/>
  </testcase> <!-- @AfterSuite tearDown -->
  <testcase classname="LumaStore.base.TestBase" name="@BeforeSuite launch" time="0.0">
    <ignored/>
  </testcase> <!-- @BeforeSuite launch -->
</testsuite> <!-- Login_Test -->
