<?xml version="1.0" encoding="UTF-8"?>
<!-- Generated by org.testng.reporters.JUnitXMLReporter -->
<testsuite ignored="14" hostname="LAPTOP-MHUDEV9K" failures="0" tests="12" name="FST_Test" time="47.64" errors="0" timestamp="2024-06-21T06:45:27 IST">
  <testcase classname="LumaStore.testCases.TC01_IndexPageTest" name="verifyIndexPage" time="1.338"/>
  <testcase classname="LumaStore.testCases.TC02_LoginPageTest" name="verifyLogin" time="5.056"/>
  <testcase classname="LumaStore.testCases.TC03_HomePageTest" name="verifyProductList" time="0.106"/>
  <testcase classname="LumaStore.testCases.TC04_ShoppingPageTest" name="verifyProdCategory" time="2.962"/>
  <testcase classname="LumaStore.testCases.TC05_ProductPageTest" name="verifyProduct" time="8.465"/>
  <testcase classname="LumaStore.testCases.TC05_ProductPageTest" name="veriyAddtoCart" time="2.408"/>
  <testcase classname="LumaStore.testCases.TC05_ProductPageTest" name="verifyCheckout" time="1.858"/>
  <testcase classname="LumaStore.testCases.TC06_ShippingPageTest" name="verifyShipping" time="11.317"/>
  <testcase classname="LumaStore.testCases.TC07_PaymentPageTest" name="verifyPayment" time="4.673"/>
  <testcase classname="LumaStore.testCases.TC08_CheckoutPageTest" name="verifyOrderPurchase" time="4.443"/>
  <testcase classname="LumaStore.testCases.TC08_CheckoutPageTest" name="verifyOrderNum" time="1.823"/>
  <testcase classname="LumaStore.testCases.TC08_CheckoutPageTest" name="verifyTotalPrice" time="0.093"/>
  <testcase classname="LumaStore.base.TestBase" name="@BeforeSuite launch" time="0.0">
    <ignored/>
  </testcase> <!-- @BeforeSuite launch -->
  <testcase classname="LumaStore.base.TestBase" name="@AfterSuite tearDown" time="0.0">
    <ignored/>
  </testcase> <!-- @AfterSuite tearDown -->
  <testcase classname="LumaStore.base.TestBase" name="@BeforeSuite launch" time="0.0">
    <ignored/>
  </testcase> <!-- @BeforeSuite launch -->
  <testcase classname="LumaStore.base.TestBase" name="@BeforeSuite launch" time="0.0">
    <ignored/>
  </testcase> <!-- @BeforeSuite launch -->
  <testcase classname="LumaStore.base.TestBase" name="@AfterSuite tearDown" time="0.0">
    <ignored/>
  </testcase> <!-- @AfterSuite tearDown -->
  <testcase classname="LumaStore.base.TestBase" name="@AfterSuite tearDown" time="0.0">
    <ignored/>
  </testcase> <!-- @AfterSuite tearDown -->
  <testcase classname="LumaStore.base.TestBase" name="@AfterSuite tearDown" time="0.0">
    <ignored/>
  </testcase> <!-- @AfterSuite tearDown -->
  <testcase classname="LumaStore.base.TestBase" name="@AfterSuite tearDown" time="0.0">
    <ignored/>
  </testcase> <!-- @AfterSuite tearDown -->
  <testcase classname="LumaStore.base.TestBase" name="@BeforeSuite launch" time="0.0">
    <ignored/>
  </testcase> <!-- @BeforeSuite launch -->
  <testcase classname="LumaStore.base.TestBase" name="@BeforeSuite launch" time="0.0">
    <ignored/>
  </testcase> <!-- @BeforeSuite launch -->
  <testcase classname="LumaStore.base.TestBase" name="@BeforeSuite launch" time="0.0">
    <ignored/>
  </testcase> <!-- @BeforeSuite launch -->
  <testcase classname="LumaStore.base.TestBase" name="@AfterSuite tearDown" time="0.0">
    <ignored/>
  </testcase> <!-- @AfterSuite tearDown -->
  <testcase classname="LumaStore.base.TestBase" name="@BeforeSuite launch" time="0.0">
    <ignored/>
  </testcase> <!-- @BeforeSuite launch -->
  <testcase classname="LumaStore.base.TestBase" name="@AfterSuite tearDown" time="0.0">
    <ignored/>
  </testcase> <!-- @AfterSuite tearDown -->
</testsuite> <!-- FST_Test -->
